Daily update: Sun Feb  9 17:12:36 UTC 2025
Daily update: Mon Feb 10 02:46:35 UTC 2025
Daily update: Tue Feb 11 02:45:58 UTC 2025
Daily update: Wed Feb 12 02:43:43 UTC 2025
Daily update: Thu Feb 13 02:45:16 UTC 2025
Daily update: Fri Feb 14 02:44:51 UTC 2025
Daily update: Sat Feb 15 02:42:49 UTC 2025
Daily update: Sun Feb 16 02:50:42 UTC 2025
Daily update: Mon Feb 17 02:49:47 UTC 2025
Daily update: Tue Feb 18 02:43:21 UTC 2025
Daily update: Wed Feb 19 02:45:49 UTC 2025
Daily update: Thu Feb 20 02:46:35 UTC 2025
Daily update: Fri Feb 21 02:47:11 UTC 2025
Daily update: Sat Feb 22 02:41:56 UTC 2025
Daily update: Sun Feb 23 02:50:51 UTC 2025
Daily update: Mon Feb 24 02:51:33 UTC 2025
Daily update: Tue Feb 25 02:50:24 UTC 2025
Daily update: Wed Feb 26 02:49:37 UTC 2025
Daily update: Thu Feb 27 02:50:59 UTC 2025
Daily update: Fri Feb 28 02:51:18 UTC 2025
Daily update: Sat Mar  1 02:54:53 UTC 2025
Daily update: Sun Mar  2 02:53:45 UTC 2025
Daily update: Mon Mar  3 02:53:05 UTC 2025
Daily update: Tue Mar  4 02:52:31 UTC 2025
Daily update: Wed Mar  5 02:51:56 UTC 2025
Daily update: Thu Mar  6 02:52:51 UTC 2025
Daily update: Fri Mar  7 02:53:31 UTC 2025
Daily update: Sat Mar  8 02:27:15 UTC 2025
Daily update: Sun Mar  9 02:30:35 UTC 2025
Daily update: Mon Mar 10 02:31:13 UTC 2025
Daily update: Tue Mar 11 02:53:43 UTC 2025
Daily update: Wed Mar 12 02:52:49 UTC 2025
Daily update: Thu Mar 13 02:54:38 UTC 2025
Daily update: Fri Mar 14 02:52:37 UTC 2025
Daily update: Sat Mar 15 02:50:23 UTC 2025
Daily update: Sun Mar 16 02:58:01 UTC 2025
Daily update: Mon Mar 17 02:56:55 UTC 2025
Daily update: Tue Mar 18 02:56:17 UTC 2025
Daily update: Wed Mar 19 02:55:18 UTC 2025
Daily update: Thu Mar 20 02:54:11 UTC 2025
Daily update: Fri Mar 21 02:56:24 UTC 2025
Daily update: Sat Mar 22 02:52:24 UTC 2025
Daily update: Sun Mar 23 03:00:56 UTC 2025
Daily update: Mon Mar 24 03:00:49 UTC 2025
Daily update: Tue Mar 25 02:57:24 UTC 2025
Daily update: Thu Mar 27 02:56:16 UTC 2025
Daily update: Fri Mar 28 02:58:31 UTC 2025
